2022-08-23 00:00:47.7466||WARN|FastStart.Services.UserService|Someone added a new user 
2022-08-23 14:24:10.7300||WARN|FastStart.Services.UserService|User with id: 88 UPDATE action invoked 
2022-08-23 14:25:20.8192||WARN|FastStart.Services.UserService|User with id: 88 UPDATE action invoked 
2022-08-23 14:25:50.6161||ERROR|FastStart.Middleware.ErrorHandlingMiddleware|Object reference not set to an instance of an object. System.NullReferenceException: Object reference not set to an instance of an object.
   at FastStart.Services.UserService.Update(Int32 id, UpdateUsersDTO dto) in C:\Users\piotr\source\repos\FastStart\FastStart\Services\UserService.cs:line 82
   at FastStart.Controllers.UsersController.Update(UpdateUsersDTO dto, Int32 id) in C:\Users\piotr\source\repos\FastStart\FastStart\Controllers\UsersController.cs:line 30
   at lambda_method(Closure , Object , Object[] )
   at Microsoft.Extensions.Internal.ObjectMethodExecutor.Execute(Object target, Object[] parameters)
   at Microsoft.AspNetCore.Mvc.Infrastructure.ActionMethodExecutor.SyncActionResultExecutor.Execute(IActionResultTypeMapper mapper, ObjectMethodExecutor executor, Object controller, Object[] arguments)
   at Microsoft.AspNetCore.Mvc.Infrastructure.ControllerActionInvoker.<InvokeActionMethodAsync>g__Logged|12_1(ControllerActionInvoker invoker)
   at Microsoft.AspNetCore.Mvc.Infrastructure.ControllerActionInvoker.<InvokeNextActionFilterAsync>g__Awaited|10_0(ControllerActionInvoker invoker, Task lastTask, State next, Scope scope, Object state, Boolean isCompleted)
   at Microsoft.AspNetCore.Mvc.Infrastructure.ControllerActionInvoker.Rethrow(ActionExecutedContextSealed context)
   at Microsoft.AspNetCore.Mvc.Infrastructure.ControllerActionInvoker.Next(State& next, Scope& scope, Object& state, Boolean& isCompleted)
   at Microsoft.AspNetCore.Mvc.Infrastructure.ControllerActionInvoker.InvokeInnerFilterAsync()
--- End of stack trace from previous location where exception was thrown ---
   at Microsoft.AspNetCore.Mvc.Infrastructure.ResourceInvoker.<InvokeFilterPipelineAsync>g__Awaited|19_0(ResourceInvoker invoker, Task lastTask, State next, Scope scope, Object state, Boolean isCompleted)
   at Microsoft.AspNetCore.Mvc.Infrastructure.ResourceInvoker.<InvokeAsync>g__Logged|17_1(ResourceInvoker invoker)
   at Microsoft.AspNetCore.Routing.EndpointMiddleware.<Invoke>g__AwaitRequestTask|6_0(Endpoint endpoint, Task requestTask, ILogger logger)
   at Microsoft.AspNetCore.Authorization.AuthorizationMiddleware.Invoke(HttpContext context)
   at FastStart.Middleware.ErrorHandlingMiddleware.InvokeAsync(HttpContext context, RequestDelegate next) in C:\Users\piotr\source\repos\FastStart\FastStart\Middleware\ErrorHandlingMiddleware.cs:line 23
2022-08-23 22:43:11.5141||WARN|FastStart.Services.UserService|Someone added a new user 
2022-08-23 22:44:59.8456||WARN|FastStart.Services.UserService|Someone added a new user 
2022-08-23 22:53:08.0226||WARN|FastStart.Services.UserService|Someone added a new user 
2022-08-23 22:54:07.0150||WARN|FastStart.Services.UserService|User with id: 3 UPDATE action invoked 
2022-08-23 22:57:51.5955||WARN|FastStart.Services.UserService|User with id: 32 UPDATE action invoked 
2022-08-23 22:59:41.4528||WARN|FastStart.Services.UserService|User with id: 32 DELETE action invoked 
