2022-09-13 21:05:43.3855||WARN|FastStart.Services.UserService|User with id: 2 DELETE action invoked 
2022-09-13 21:05:54.0987||WARN|FastStart.Services.UserService|User with id: 11 UPDATE action invoked 
2022-09-13 21:06:08.4939||WARN|FastStart.Services.UserService|User with id: 4 UPDATE action invoked 
2022-09-13 21:07:07.3650||WARN|FastStart.Services.UserService|Someone added a new user 
2022-09-13 21:39:30.0624||WARN|FastStart.Services.UserService|User with id: 4 UPDATE action invoked 
2022-09-13 21:39:33.5625||WARN|FastStart.Services.UserService|User with id: 41 UPDATE action invoked 
2022-09-13 22:27:31.6158||WARN|FastStart.Services.UserService|User with id: 2 DELETE action invoked 
2022-09-13 22:38:23.9344||WARN|FastStart.Services.UserService|User with id: 41 UPDATE action invoked 
2022-09-13 22:38:57.0945||ERROR|FastStart.Middleware.ErrorHandlingMiddleware|Object reference not set to an instance of an object. System.NullReferenceException: Object reference not set to an instance of an object.
   at FastStart.Authorization.MinimumAgeRequirementHandler.HandleRequirementAsync(AuthorizationHandlerContext context, MinimumAgeRequirement requirement) in C:\Users\piotr\source\repos\FastStart\FastStart\Authorization\MinimumAgeRequirementHandler.cs:line 21
   at Microsoft.AspNetCore.Authorization.AuthorizationHandler`1.HandleAsync(AuthorizationHandlerContext context)
   at Microsoft.AspNetCore.Authorization.DefaultAuthorizationService.AuthorizeAsync(ClaimsPrincipal user, Object resource, IEnumerable`1 requirements)
   at Microsoft.AspNetCore.Authorization.Policy.PolicyEvaluator.AuthorizeAsync(AuthorizationPolicy policy, AuthenticateResult authenticationResult, HttpContext context, Object resource)
   at Microsoft.AspNetCore.Authorization.AuthorizationMiddleware.Invoke(HttpContext context)
   at Swashbuckle.AspNetCore.SwaggerUI.SwaggerUIMiddleware.Invoke(HttpContext httpContext)
   at Swashbuckle.AspNetCore.Swagger.SwaggerMiddleware.Invoke(HttpContext httpContext, ISwaggerProvider swaggerProvider)
   at Microsoft.AspNetCore.Authentication.AuthenticationMiddleware.Invoke(HttpContext context)
   at FastStart.Middleware.ErrorHandlingMiddleware.InvokeAsync(HttpContext context, RequestDelegate next) in C:\Users\piotr\source\repos\FastStart\FastStart\Middleware\ErrorHandlingMiddleware.cs:line 23
2022-09-13 22:39:11.5793||WARN|FastStart.Services.UserService|User with id: 2 DELETE action invoked 
2022-09-13 22:41:02.6290||WARN|FastStart.Services.UserService|User with id: 2 DELETE action invoked 
2022-09-13 22:41:24.0613||WARN|FastStart.Services.UserService|User with id: 41 UPDATE action invoked 
